<?xml version="1.0" encoding="UTF-8"?>
<testsuite xmlns:xsi="http://www.w3.org/2001/XMLSchema-instance" xsi:noNamespaceSchemaLocation="https://maven.apache.org/surefire/maven-surefire-plugin/xsd/surefire-test-report.xsd" version="3.0.2" name="com.example.Projeto_Oficina_Mecanica.ProjetoOficinaMecanicaApplicationTests" time="24.422" tests="1" errors="0" skipped="0" failures="0" flakes="0">
  <properties>
[...]
</properties>
  <testcase name="contextLoads" classname="com.example.Projeto_Oficina_Mecanica.ProjetoOficinaMecanicaApplicationTests" time="1.267">
    <system-out><![CDATA[04:08:18.395 [main] INFO org.springframework.test.context.support.AnnotationConfigContextLoaderUtils -- Could not detect default configuration classes for test class [com.example.Projeto_Oficina_Mecanica.ProjetoOficinaMecanicaApplicationTests]: ProjetoOficinaMecanicaApplicationTests does not declare any static, non-private, non-final, nested classes annotated with @Configuration.
04:08:18.896 [main] INFO org.springframework.boot.test.context.SpringBootTestContextBootstrapper -- Found @SpringBootConfiguration com.example.Projeto_Oficina_Mecanica.ProjetoOficinaMecanicaApplication for test class com.example.Projeto_Oficina_Mecanica.ProjetoOficinaMecanicaApplicationTests
04:08:19.894 [main] INFO org.springframework.boot.devtools.restart.RestartApplicationListener -- Restart disabled due to context in which it is running

  .   ____          _            __ _ _
 /\\ / ___'_ __ _ _(_)_ __  __ _ \ \ \ \
( ( )\___ | '_ | '_| | '_ \/ _` | \ \ \ \
 \\/  ___)| |_)| | | | | || (_| |  ) ) ) )
  '  |____| .__|_| |_|_| |_\__, | / / / /
 =========|_|==============|___/=/_/_/_/

 :: Spring Boot ::               (v3.5.15)

2026-06-24T04:08:21.202-03:00  INFO 10608 --- [Projeto_Oficina_Mecanica] [           main] P.ProjetoOficinaMecanicaApplicationTests : Starting ProjetoOficinaMecanicaApplicationTests using Java 17.0.19 with PID 10608 (started by Carneiro in C:\Users\Carneiro\Documents\Projeto da Faculdade\Projeto_Oficina_Mecanica\Projeto_Oficina_Mecanica-master)
2026-06-24T04:08:21.202-03:00  INFO 10608 --- [Projeto_Oficina_Mecanica] [           main] P.ProjetoOficinaMecanicaApplicationTests : No active profile set, falling back to 1 default profile: "default"
2026-06-24T04:08:24.506-03:00  INFO 10608 --- [Projeto_Oficina_Mecanica] [           main] .s.d.r.c.RepositoryConfigurationDelegate : Bootstrapping Spring Data JPA repositories in DEFAULT mode.
2026-06-24T04:08:24.690-03:00  INFO 10608 --- [Projeto_Oficina_Mecanica] [           main] .s.d.r.c.RepositoryConfigurationDelegate : Finished Spring Data repository scanning in 130 ms. Found 0 JPA repository interfaces.
2026-06-24T04:08:27.105-03:00  INFO 10608 --- [Projeto_Oficina_Mecanica] [           main] com.zaxxer.hikari.HikariDataSource       : HikariPool-1 - Starting...
2026-06-24T04:08:28.444-03:00  INFO 10608 --- [Projeto_Oficina_Mecanica] [           main] com.zaxxer.hikari.pool.HikariPool        : HikariPool-1 - Added connection conn0: url=jdbc:h2:mem:2b46feb9-99ba-4e68-890d-44dec6ff89a6 user=SA
2026-06-24T04:08:28.459-03:00  INFO 10608 --- [Projeto_Oficina_Mecanica] [           main] com.zaxxer.hikari.HikariDataSource       : HikariPool-1 - Start completed.
2026-06-24T04:08:28.782-03:00  INFO 10608 --- [Projeto_Oficina_Mecanica] [           main] org.flywaydb.core.FlywayExecutor         : Database: jdbc:h2:mem:2b46feb9-99ba-4e68-890d-44dec6ff89a6 (H2 2.3)
2026-06-24T04:08:28.951-03:00  INFO 10608 --- [Projeto_Oficina_Mecanica] [           main] o.f.c.i.s.JdbcTableSchemaHistory         : Schema history table "PUBLIC"."flyway_schema_history" does not exist yet
2026-06-24T04:08:28.951-03:00  INFO 10608 --- [Projeto_Oficina_Mecanica] [           main] o.f.core.internal.command.DbValidate     : Successfully validated 0 migrations (execution time 00:00.033s)
2026-06-24T04:08:28.951-03:00  WARN 10608 --- [Projeto_Oficina_Mecanica] [           main] o.f.core.internal.command.DbValidate     : No migrations found. Are your locations set up correctly?
2026-06-24T04:08:28.970-03:00  INFO 10608 --- [Projeto_Oficina_Mecanica] [           main] o.f.c.i.s.JdbcTableSchemaHistory         : Creating Schema History table "PUBLIC"."flyway_schema_history" ...
2026-06-24T04:08:29.168-03:00  INFO 10608 --- [Projeto_Oficina_Mecanica] [           main] o.f.core.internal.command.DbMigrate      : Current version of schema "PUBLIC": << Empty Schema >>
2026-06-24T04:08:29.168-03:00  INFO 10608 --- [Projeto_Oficina_Mecanica] [           main] o.f.core.internal.command.DbMigrate      : Schema "PUBLIC" is up to date. No migration necessary.
2026-06-24T04:08:29.571-03:00  INFO 10608 --- [Projeto_Oficina_Mecanica] [           main] o.hibernate.jpa.internal.util.LogHelper  : HHH000204: Processing PersistenceUnitInfo [name: default]
2026-06-24T04:08:30.472-03:00  INFO 10608 --- [Projeto_Oficina_Mecanica] [           main] org.hibernate.Version                    : HHH000412: Hibernate ORM core version 6.6.53.Final
2026-06-24T04:08:31.183-03:00  INFO 10608 --- [Projeto_Oficina_Mecanica] [           main] o.h.c.internal.RegionFactoryInitiator    : HHH000026: Second-level cache disabled
2026-06-24T04:08:33.059-03:00  INFO 10608 --- [Projeto_Oficina_Mecanica] [           main] o.s.o.j.p.SpringPersistenceUnitInfo      : No LoadTimeWeaver setup: ignoring JPA class transformer
2026-06-24T04:08:34.112-03:00  INFO 10608 --- [Projeto_Oficina_Mecanica] [           main] org.hibernate.orm.connections.pooling    : HHH10001005: Database info:
	Database JDBC URL [Connecting through datasource 'HikariDataSource (HikariPool-1)']
	Database driver: undefined/unknown
	Database version: 2.3.232
	Autocommit mode: undefined/unknown
	Isolation level: undefined/unknown
	Minimum pool size: undefined/unknown
	Maximum pool size: undefined/unknown
2026-06-24T04:08:36.443-03:00  INFO 10608 --- [Projeto_Oficina_Mecanica] [           main] o.h.e.t.j.p.i.JtaPlatformInitiator       : HHH000489: No JTA platform available (set 'hibernate.transaction.jta.platform' to enable JTA platform integration)
2026-06-24T04:08:36.474-03:00  INFO 10608 --- [Projeto_Oficina_Mecanica] [           main] j.LocalContainerEntityManagerFactoryBean : Initialized JPA EntityManagerFactory for persistence unit 'default'
2026-06-24T04:08:37.394-03:00  WARN 10608 --- [Projeto_Oficina_Mecanica] [           main] JpaBaseConfiguration$JpaWebConfiguration : spring.jpa.open-in-view is enabled by default. Therefore, database queries may be performed during view rendering. Explicitly configure spring.jpa.open-in-view to disable this warning
2026-06-24T04:08:39.482-03:00  WARN 10608 --- [Projeto_Oficina_Mecanica] [           main] .s.s.UserDetailsServiceAutoConfiguration : 

Using generated security password: 54e7e88c-e642-452c-95a7-6fe73e46bc24

This generated password is for development use only. Your security configuration must be updated before running your application in production.

2026-06-24T04:08:39.528-03:00  INFO 10608 --- [Projeto_Oficina_Mecanica] [           main] r$InitializeUserDetailsManagerConfigurer : Global AuthenticationManager configured with UserDetailsService bean with name inMemoryUserDetailsManager
2026-06-24T04:08:40.627-03:00  INFO 10608 --- [Projeto_Oficina_Mecanica] [           main] P.ProjetoOficinaMecanicaApplicationTests : Started ProjetoOficinaMecanicaApplicationTests in 20.799 seconds (process running for 25.388)
]]></system-out>
  </testcase>
</testsuite>